<?xml version="1.0" encoding="UTF-8"?>
<!-- Generated by org.testng.reporters.JUnitReportReporter -->
<testsuite hostname="EPUAKHAW0264" name="Test.PnTest" tests="1" failures="0" timestamp="14 Sep 2015 13:47:48 GMT" time="137.723" errors="0">
  <testcase name="main" time="137.723" classname="Test.PnTest"/>
</testsuite> <!-- Test.PnTest -->
