<?xml version="1.0" encoding="UTF-8"?>
<!-- Generated by org.testng.reporters.JUnitReportReporter -->
<testsuite hostname="EPUAKHAW0264" name="Test.NewTest" tests="1" failures="0" timestamp="13 Aug 2015 19:29:00 GMT" time="0.011" errors="0">
  <testcase name="main" time="0.011" classname="Test.NewTest"/>
</testsuite> <!-- Test.NewTest -->
